Using pre-set license
Built from '2020.3/staging' branch; Version is '2020.3.11f1 (99c7afb366b3) revision 10078127'; Using compiler version '192528614'; Build Type 'Release'
OS: 'Windows 10 Home; OS build 19042.1052; Version 2009; 64bit' Language: 'ko' Physical Memory: 16315 MB
BatchMode: 1, IsHumanControllingUs: 0, StartBugReporterOnCrash: 0, Is64bit: 1, IsPro: 0

 COMMAND LINE ARGUMENTS:
D:\2020.3.11f1\Editor\Unity.exe
-adb2
-batchMode
-noUpm
-name
AssetImportWorker1
-projectPath
C:/Users/hyeon/MyFirstGame
-logFile
Logs/AssetImportWorker1.log
-srvPort
49702
Successfully changed project path to: C:/Users/hyeon/MyFirstGame
C:/Users/hyeon/MyFirstGame
Using Asset Import Pipeline V2.
Unable to join player connection multicast group.

Refreshing native plugins compatible for Editor in 26.16 ms, found 2 plugins.
Preloading 0 native plugins for Editor in 0.00 ms.
Initialize engine version: 2020.3.11f1 (99c7afb366b3)
[Subsystems] Discovering subsystems at path D:/2020.3.11f1/Editor/Data/Resources/UnitySubsystems
[Subsystems] Discovering subsystems at path C:/Users/hyeon/MyFirstGame/Assets
GfxDevice: creating device client; threaded=0
Direct3D:
    Version:  Direct3D 11.0 [level 11.1]
    Renderer: NVIDIA GeForce RTX 2060 SUPER (ID=0x1f06)
    Vendor:   
    VRAM:     8031 MB
    Driver:   27.21.14.5671
Initialize mono
Mono path[0] = 'D:/2020.3.11f1/Editor/Data/Managed'
Mono path[1] = 'D:/2020.3.11f1/Editor/Data/MonoBleedingEdge/lib/mono/unityjit'
Mono config path = 'D:/2020.3.11f1/Editor/Data/MonoBleedingEdge/etc'
Using monoOptions --debugger-agent=transport=dt_socket,embedding=1,server=y,suspend=n,address=127.0.0.1:56112
Begin MonoManager ReloadAssembly
Registering precompiled unity dll's ...
Register platform support module: D:/2020.3.11f1/Editor/Data/PlaybackEngines/WebGLSupport/UnityEditor.WebGL.Extensions.dll
Register platform support module: D:/2020.3.11f1/Editor/Data/PlaybackEngines/WindowsStandaloneSupport/UnityEditor.WindowsStandalone.Extensions.dll
Registered in 0.001450 seconds.
Native extension for WindowsStandalone target not found
Native extension for WebGL target not found
Refreshing native plugins compatible for Editor in 23.56 ms, found 2 plugins.
Preloading 0 native plugins for Editor in 0.00 ms.
Mono: successfully reloaded assembly
- Completed reload, in  8.739 seconds
Platform modules already initialized, skipping
Registering precompiled user dll's ...
Registered in 0.004799 seconds.
Begin MonoManager ReloadAssembly
Native extension for WindowsStandalone target not found
Native extension for WebGL target not found
Refreshing native plugins compatible for Editor in 0.28 ms, found 2 plugins.
Preloading 0 native plugins for Editor in 0.00 ms.
Mono: successfully reloaded assembly
- Completed reload, in  0.871 seconds
Platform modules already initialized, skipping
========================================================================
Worker process is ready to serve import requests
Launched and connected shader compiler UnityShaderCompiler.exe after 0.17 seconds
Refreshing native plugins compatible for Editor in 0.29 ms, found 2 plugins.
Preloading 0 native plugins for Editor in 0.00 ms.
Unloading 1404 Unused Serialized files (Serialized files now loaded: 0)
System memory in use before: 79.1 MB.
System memory in use after: 79.2 MB.

Unloading 17 unused Assets to reduce memory usage. Loaded Objects now: 1865.
Total: 1.770200 ms (FindLiveObjects: 0.154400 ms CreateObjectMapping: 0.043400 ms MarkObjects: 1.550200 ms  DeleteObjects: 0.021100 ms)

========================================================================
Received Import Request.
  path: Assets/Prefabs/Environment/Tree.prefab
  artifactKey: Guid(cd169620d78eeeb47bfc69c6c4fc1cc3) Importer(815301076,1909f56bfc062723c751e8b465ee728b)
Start importing Assets/Prefabs/Environment/Tree.prefab using Guid(cd169620d78eeeb47bfc69c6c4fc1cc3) Importer(815301076,1909f56bfc062723c751e8b465ee728b)  -> (artifact id: '6867a2fa835202a333a8253d102edb90') in 0.120519 seconds
  Import took 0.122790 seconds .

========================================================================
Received Prepare
Registering precompiled user dll's ...
Registered in 0.005590 seconds.
Begin MonoManager ReloadAssembly
Native extension for WindowsStandalone target not found
Native extension for WebGL target not found
Refreshing native plugins compatible for Editor in 0.28 ms, found 2 plugins.
Preloading 0 native plugins for Editor in 0.00 ms.
Mono: successfully reloaded assembly
- Completed reload, in  0.806 seconds
Platform modules already initialized, skipping
Refreshing native plugins compatible for Editor in 0.42 ms, found 2 plugins.
Preloading 0 native plugins for Editor in 0.00 ms.
Unloading 1397 Unused Serialized files (Serialized files now loaded: 0)
System memory in use before: 82.0 MB.
System memory in use after: 82.1 MB.

Unloading 13 unused Assets to reduce memory usage. Loaded Objects now: 1875.
Total: 1.627800 ms (FindLiveObjects: 0.128800 ms CreateObjectMapping: 0.038600 ms MarkObjects: 1.444100 ms  DeleteObjects: 0.015500 ms)

========================================================================
Received Prepare
Registering precompiled user dll's ...
Registered in 0.004543 seconds.
Begin MonoManager ReloadAssembly
Native extension for WindowsStandalone target not found
Native extension for WebGL target not found
Refreshing native plugins compatible for Editor in 0.28 ms, found 2 plugins.
Preloading 0 native plugins for Editor in 0.00 ms.
Mono: successfully reloaded assembly
- Completed reload, in  0.780 seconds
Platform modules already initialized, skipping
Refreshing native plugins compatible for Editor in 0.28 ms, found 2 plugins.
Preloading 0 native plugins for Editor in 0.00 ms.
Unloading 1397 Unused Serialized files (Serialized files now loaded: 0)
System memory in use before: 82.0 MB.
System memory in use after: 82.1 MB.

Unloading 13 unused Assets to reduce memory usage. Loaded Objects now: 1878.
Total: 1.788100 ms (FindLiveObjects: 0.139200 ms CreateObjectMapping: 0.036800 ms MarkObjects: 1.596400 ms  DeleteObjects: 0.014800 ms)

========================================================================
Received Prepare
Registering precompiled user dll's ...
Registered in 0.004378 seconds.
Begin MonoManager ReloadAssembly
Native extension for WindowsStandalone target not found
Native extension for WebGL target not found
Refreshing native plugins compatible for Editor in 0.29 ms, found 2 plugins.
Preloading 0 native plugins for Editor in 0.00 ms.
Mono: successfully reloaded assembly
- Completed reload, in  0.780 seconds
Platform modules already initialized, skipping
Refreshing native plugins compatible for Editor in 0.27 ms, found 2 plugins.
Preloading 0 native plugins for Editor in 0.00 ms.
Unloading 1397 Unused Serialized files (Serialized files now loaded: 0)
System memory in use before: 82.0 MB.
System memory in use after: 82.1 MB.

Unloading 13 unused Assets to reduce memory usage. Loaded Objects now: 1881.
Total: 2.075800 ms (FindLiveObjects: 0.183800 ms CreateObjectMapping: 0.051500 ms MarkObjects: 1.822800 ms  DeleteObjects: 0.016700 ms)

========================================================================
Received Prepare
Registering precompiled user dll's ...
Registered in 0.004774 seconds.
Begin MonoManager ReloadAssembly
Native extension for WindowsStandalone target not found
Native extension for WebGL target not found
Refreshing native plugins compatible for Editor in 0.30 ms, found 2 plugins.
Preloading 0 native plugins for Editor in 0.00 ms.
Mono: successfully reloaded assembly
- Completed reload, in  0.845 seconds
Platform modules already initialized, skipping
Refreshing native plugins compatible for Editor in 0.33 ms, found 2 plugins.
Preloading 0 native plugins for Editor in 0.00 ms.
Unloading 1397 Unused Serialized files (Serialized files now loaded: 0)
System memory in use before: 82.0 MB.
System memory in use after: 82.1 MB.

Unloading 13 unused Assets to reduce memory usage. Loaded Objects now: 1884.
Total: 2.025000 ms (FindLiveObjects: 0.135700 ms CreateObjectMapping: 0.035900 ms MarkObjects: 1.833100 ms  DeleteObjects: 0.019200 ms)

========================================================================
Received Prepare
Registering precompiled user dll's ...
Registered in 0.005152 seconds.
Begin MonoManager ReloadAssembly
Native extension for WindowsStandalone target not found
Native extension for WebGL target not found
Refreshing native plugins compatible for Editor in 0.28 ms, found 2 plugins.
Preloading 0 native plugins for Editor in 0.00 ms.
Mono: successfully reloaded assembly
- Completed reload, in  0.753 seconds
Platform modules already initialized, skipping
Refreshing native plugins compatible for Editor in 0.37 ms, found 2 plugins.
Preloading 0 native plugins for Editor in 0.00 ms.
Unloading 1397 Unused Serialized files (Serialized files now loaded: 0)
System memory in use before: 82.0 MB.
System memory in use after: 82.1 MB.

Unloading 13 unused Assets to reduce memory usage. Loaded Objects now: 1887.
Total: 1.614000 ms (FindLiveObjects: 0.141200 ms CreateObjectMapping: 0.033600 ms MarkObjects: 1.423900 ms  DeleteObjects: 0.014400 ms)

========================================================================
Received Import Request.
  Time since last request: 1419.916880 seconds.
  path: Assets/Image/UI
  artifactKey: Guid(02c7399cf83118945a9b1cddf733d8c6) Importer(815301076,1909f56bfc062723c751e8b465ee728b)
Start importing Assets/Image/UI using Guid(02c7399cf83118945a9b1cddf733d8c6) Importer(815301076,1909f56bfc062723c751e8b465ee728b)  -> (artifact id: '04a64abb7d03cbd8459e1893bfa4e9e3') in 0.008733 seconds
  Import took 0.011040 seconds .

========================================================================
Received Import Request.
  Time since last request: 1.548063 seconds.
  path: Assets/Image/UI/Status
  artifactKey: Guid(00945be951eb68d40b0b41b5c5eac7b5) Importer(815301076,1909f56bfc062723c751e8b465ee728b)
Start importing Assets/Image/UI/Status using Guid(00945be951eb68d40b0b41b5c5eac7b5) Importer(815301076,1909f56bfc062723c751e8b465ee728b)  -> (artifact id: 'aaf2e7207a46affcef1d4ad791628dfe') in 0.006384 seconds
  Import took 0.008453 seconds .

========================================================================
Received Import Request.
  Time since last request: 16.962794 seconds.
  path: Assets/Image/UI/Status/Status_Thirsty.png
  artifactKey: Guid(d8b1760f9b2d5494c866142f3d03ba3b) Importer(815301076,1909f56bfc062723c751e8b465ee728b)
Start importing Assets/Image/UI/Status/Status_Thirsty.png using Guid(d8b1760f9b2d5494c866142f3d03ba3b) Importer(815301076,1909f56bfc062723c751e8b465ee728b)  -> (artifact id: '74e6d27a4f645cbde9e4ade9621f059c') in 0.060677 seconds
  Import took 0.062722 seconds .

========================================================================
Received Import Request.
  Time since last request: 4.903971 seconds.
  path: Assets/Image/UI/Status/Status_Stamina.png
  artifactKey: Guid(40c68a61d3880fe4fb7a6bf3a934c210) Importer(815301076,1909f56bfc062723c751e8b465ee728b)
Start importing Assets/Image/UI/Status/Status_Stamina.png using Guid(40c68a61d3880fe4fb7a6bf3a934c210) Importer(815301076,1909f56bfc062723c751e8b465ee728b)  -> (artifact id: 'ba8dbd6a60d3bf60f4f3c028bad3b624') in 0.022540 seconds
  Import took 0.024666 seconds .

========================================================================
Received Import Request.
  Time since last request: 5.136816 seconds.
  path: Assets/Image/UI/Status/Status_Satisfy.png
  artifactKey: Guid(af032dbb79264b6438d4b1ede2cbe26d) Importer(815301076,1909f56bfc062723c751e8b465ee728b)
Start importing Assets/Image/UI/Status/Status_Satisfy.png using Guid(af032dbb79264b6438d4b1ede2cbe26d) Importer(815301076,1909f56bfc062723c751e8b465ee728b)  -> (artifact id: '8af3725b99ab07ea51e14e3f9ec14859') in 0.013990 seconds
  Import took 0.016415 seconds .

========================================================================
Received Import Request.
  Time since last request: 4.411696 seconds.
  path: Assets/Image/UI/Status/Status_Hungry.png
  artifactKey: Guid(6d7dafbdd26936947867271aa9268bee) Importer(815301076,1909f56bfc062723c751e8b465ee728b)
Start importing Assets/Image/UI/Status/Status_Hungry.png using Guid(6d7dafbdd26936947867271aa9268bee) Importer(815301076,1909f56bfc062723c751e8b465ee728b)  -> (artifact id: '25e64e5725cb56dee09fb228577fd0c4') in 0.065722 seconds
  Import took 0.069664 seconds .

========================================================================
Received Import Request.
  Time since last request: 4.934566 seconds.
  path: Assets/Image/UI/Status/Status_HP.png
  artifactKey: Guid(1ce34fc85618ebc40b05c4fae5b45f28) Importer(815301076,1909f56bfc062723c751e8b465ee728b)
Start importing Assets/Image/UI/Status/Status_HP.png using Guid(1ce34fc85618ebc40b05c4fae5b45f28) Importer(815301076,1909f56bfc062723c751e8b465ee728b)  -> (artifact id: '2717522131ffa78a12f45eb025ef6dd3') in 0.013765 seconds
  Import took 0.016671 seconds .

========================================================================
Received Import Request.
  Time since last request: 4.904766 seconds.
  path: Assets/Image/UI/Status/Status_DP_Top.png
  artifactKey: Guid(6c921eb7b17381548a31e773e213daca) Importer(815301076,1909f56bfc062723c751e8b465ee728b)
Start importing Assets/Image/UI/Status/Status_DP_Top.png using Guid(6c921eb7b17381548a31e773e213daca) Importer(815301076,1909f56bfc062723c751e8b465ee728b)  -> (artifact id: 'f5b31f26ceb06fd11d525dc460d20670') in 0.017132 seconds
  Import took 0.019211 seconds .

========================================================================
Received Import Request.
  Time since last request: 4.799953 seconds.
  path: Assets/Image/UI/Status/Status_DP.png
  artifactKey: Guid(2db65ae9948863d47b497a60684f3ae2) Importer(815301076,1909f56bfc062723c751e8b465ee728b)
Start importing Assets/Image/UI/Status/Status_DP.png using Guid(2db65ae9948863d47b497a60684f3ae2) Importer(815301076,1909f56bfc062723c751e8b465ee728b)  -> (artifact id: '88f16e7e71180edf58f88095ac808fca') in 0.013822 seconds
  Import took 0.015983 seconds .

