Using pre-set license
Built from '2020.3/staging' branch; Version is '2020.3.11f1 (99c7afb366b3) revision 10078127'; Using compiler version '192528614'; Build Type 'Release'
OS: 'Windows 10 Home; OS build 19042.1052; Version 2009; 64bit' Language: 'ko' Physical Memory: 16315 MB
BatchMode: 1, IsHumanControllingUs: 0, StartBugReporterOnCrash: 0, Is64bit: 1, IsPro: 0

 COMMAND LINE ARGUMENTS:
D:\2020.3.11f1\Editor\Unity.exe
-adb2
-batchMode
-noUpm
-name
AssetImportWorker2
-projectPath
C:/Users/hyeon/MyFirstGame
-logFile
Logs/AssetImportWorker2.log
-srvPort
49702
Successfully changed project path to: C:/Users/hyeon/MyFirstGame
C:/Users/hyeon/MyFirstGame
Using Asset Import Pipeline V2.
Unable to join player connection multicast group.

Refreshing native plugins compatible for Editor in 27.51 ms, found 2 plugins.
Preloading 0 native plugins for Editor in 0.00 ms.
Initialize engine version: 2020.3.11f1 (99c7afb366b3)
[Subsystems] Discovering subsystems at path D:/2020.3.11f1/Editor/Data/Resources/UnitySubsystems
[Subsystems] Discovering subsystems at path C:/Users/hyeon/MyFirstGame/Assets
GfxDevice: creating device client; threaded=0
Direct3D:
    Version:  Direct3D 11.0 [level 11.1]
    Renderer: NVIDIA GeForce RTX 2060 SUPER (ID=0x1f06)
    Vendor:   
    VRAM:     8031 MB
    Driver:   27.21.14.5671
Initialize mono
Mono path[0] = 'D:/2020.3.11f1/Editor/Data/Managed'
Mono path[1] = 'D:/2020.3.11f1/Editor/Data/MonoBleedingEdge/lib/mono/unityjit'
Mono config path = 'D:/2020.3.11f1/Editor/Data/MonoBleedingEdge/etc'
Using monoOptions --debugger-agent=transport=dt_socket,embedding=1,server=y,suspend=n,address=127.0.0.1:56960
Begin MonoManager ReloadAssembly
Registering precompiled unity dll's ...
Register platform support module: D:/2020.3.11f1/Editor/Data/PlaybackEngines/WebGLSupport/UnityEditor.WebGL.Extensions.dll
Register platform support module: D:/2020.3.11f1/Editor/Data/PlaybackEngines/WindowsStandaloneSupport/UnityEditor.WindowsStandalone.Extensions.dll
Registered in 0.001603 seconds.
Native extension for WindowsStandalone target not found
Native extension for WebGL target not found
Refreshing native plugins compatible for Editor in 24.25 ms, found 2 plugins.
Preloading 0 native plugins for Editor in 0.00 ms.
Mono: successfully reloaded assembly
- Completed reload, in  7.240 seconds
Platform modules already initialized, skipping
Registering precompiled user dll's ...
Registered in 0.005281 seconds.
Begin MonoManager ReloadAssembly
Native extension for WindowsStandalone target not found
Native extension for WebGL target not found
Refreshing native plugins compatible for Editor in 0.29 ms, found 2 plugins.
Preloading 0 native plugins for Editor in 0.00 ms.
Mono: successfully reloaded assembly
- Completed reload, in  0.922 seconds
Platform modules already initialized, skipping
========================================================================
Worker process is ready to serve import requests
Launched and connected shader compiler UnityShaderCompiler.exe after 0.20 seconds
Refreshing native plugins compatible for Editor in 0.27 ms, found 2 plugins.
Preloading 0 native plugins for Editor in 0.00 ms.
Unloading 1412 Unused Serialized files (Serialized files now loaded: 0)
System memory in use before: 79.5 MB.
System memory in use after: 79.6 MB.

Unloading 17 unused Assets to reduce memory usage. Loaded Objects now: 1873.
Total: 1.767900 ms (FindLiveObjects: 0.138900 ms CreateObjectMapping: 0.036100 ms MarkObjects: 1.571400 ms  DeleteObjects: 0.020500 ms)

========================================================================
Received Import Request.
  path: Assets/Prefabs/Item/little_twig.prefab
  artifactKey: Guid(f7dad5660766113469d6aab4b09e238e) Importer(815301076,1909f56bfc062723c751e8b465ee728b)
Start importing Assets/Prefabs/Item/little_twig.prefab using Guid(f7dad5660766113469d6aab4b09e238e) Importer(815301076,1909f56bfc062723c751e8b465ee728b)  -> (artifact id: '10d39aa21338ee324b448253cfed38f2') in 0.130089 seconds
  Import took 0.132357 seconds .

========================================================================
Received Import Request.
  Time since last request: 0.000330 seconds.
  path: Assets/Prefabs/Item/Log.prefab
  artifactKey: Guid(45e4901ede249724f89dc50b650777cc) Importer(815301076,1909f56bfc062723c751e8b465ee728b)
Start importing Assets/Prefabs/Item/Log.prefab using Guid(45e4901ede249724f89dc50b650777cc) Importer(815301076,1909f56bfc062723c751e8b465ee728b)  -> (artifact id: 'c03facdc851f1575358a0e383dd720a4') in 0.014470 seconds
  Import took 0.016955 seconds .

========================================================================
Received Import Request.
  Time since last request: 25.922989 seconds.
  path: Assets/Prefabs/Item/Log.prefab
  artifactKey: Guid(45e4901ede249724f89dc50b650777cc) Importer(815301076,1909f56bfc062723c751e8b465ee728b)
Start importing Assets/Prefabs/Item/Log.prefab using Guid(45e4901ede249724f89dc50b650777cc) Importer(815301076,1909f56bfc062723c751e8b465ee728b)  -> (artifact id: '8ab146359997deca74dd22bd6e1c91c1') in 0.023828 seconds
  Import took 0.026343 seconds .

========================================================================
Received Import Request.
  Time since last request: 13.167494 seconds.
  path: Assets/Prefabs/Item/little_twig.prefab
  artifactKey: Guid(f7dad5660766113469d6aab4b09e238e) Importer(815301076,1909f56bfc062723c751e8b465ee728b)
Start importing Assets/Prefabs/Item/little_twig.prefab using Guid(f7dad5660766113469d6aab4b09e238e) Importer(815301076,1909f56bfc062723c751e8b465ee728b)  -> (artifact id: '2164deecedcef83edb350b7fa397e277') in 0.019136 seconds
  Import took 0.021889 seconds .

========================================================================
Received Import Request.
  Time since last request: 9.670823 seconds.
  path: Assets/Item/Log.asset
  artifactKey: Guid(8b9c2b14c9c9bba4fb6b1be33de54f26) Importer(815301076,1909f56bfc062723c751e8b465ee728b)
Start importing Assets/Item/Log.asset using Guid(8b9c2b14c9c9bba4fb6b1be33de54f26) Importer(815301076,1909f56bfc062723c751e8b465ee728b)  -> (artifact id: '566515425b828987983ff28f86eb29ab') in 0.005778 seconds
  Import took 0.008083 seconds .

========================================================================
Received Import Request.
  Time since last request: 8.383348 seconds.
  path: Assets/Item/Twig.asset
  artifactKey: Guid(00adc510b92c6314ea16172e1bc65f0f) Importer(815301076,1909f56bfc062723c751e8b465ee728b)
Start importing Assets/Item/Twig.asset using Guid(00adc510b92c6314ea16172e1bc65f0f) Importer(815301076,1909f56bfc062723c751e8b465ee728b)  -> (artifact id: '990ca2dec820f5b8faa11c0e408877b1') in 0.006232 seconds
  Import took 0.008766 seconds .

========================================================================
Received Import Request.
  Time since last request: 0.003965 seconds.
  path: Assets/Item/Twig.asset
  artifactKey: Guid(00adc510b92c6314ea16172e1bc65f0f) Importer(815301076,1909f56bfc062723c751e8b465ee728b)
Start importing Assets/Item/Twig.asset using Guid(00adc510b92c6314ea16172e1bc65f0f) Importer(815301076,1909f56bfc062723c751e8b465ee728b)  -> (artifact id: '990ca2dec820f5b8faa11c0e408877b1') in 0.005559 seconds
  Import took 0.007593 seconds .

========================================================================
Received Import Request.
  Time since last request: 80.224231 seconds.
  path: Assets/Prefabs/Item/little_twig.prefab
  artifactKey: Guid(f7dad5660766113469d6aab4b09e238e) Importer(815301076,1909f56bfc062723c751e8b465ee728b)
Start importing Assets/Prefabs/Item/little_twig.prefab using Guid(f7dad5660766113469d6aab4b09e238e) Importer(815301076,1909f56bfc062723c751e8b465ee728b)  -> (artifact id: 'c68509b02687da465ea5bb7f7707a569') in 0.014101 seconds
  Import took 0.016377 seconds .

========================================================================
Received Import Request.
  Time since last request: 18.254307 seconds.
  path: Assets/Prefabs/Item/Log.prefab
  artifactKey: Guid(45e4901ede249724f89dc50b650777cc) Importer(815301076,1909f56bfc062723c751e8b465ee728b)
Start importing Assets/Prefabs/Item/Log.prefab using Guid(45e4901ede249724f89dc50b650777cc) Importer(815301076,1909f56bfc062723c751e8b465ee728b)  -> (artifact id: '935155cb634d47df71b4c0b5061499f1') in 0.010448 seconds
  Import took 0.012613 seconds .

========================================================================
Received Prepare
Registering precompiled user dll's ...
Registered in 0.005235 seconds.
Begin MonoManager ReloadAssembly
Native extension for WindowsStandalone target not found
Native extension for WebGL target not found
Refreshing native plugins compatible for Editor in 0.29 ms, found 2 plugins.
Preloading 0 native plugins for Editor in 0.00 ms.
Mono: successfully reloaded assembly
- Completed reload, in  0.790 seconds
Platform modules already initialized, skipping
Refreshing native plugins compatible for Editor in 0.28 ms, found 2 plugins.
Preloading 0 native plugins for Editor in 0.00 ms.
Unloading 1405 Unused Serialized files (Serialized files now loaded: 0)
System memory in use before: 82.4 MB.
System memory in use after: 82.5 MB.

Unloading 13 unused Assets to reduce memory usage. Loaded Objects now: 1883.
Total: 1.712000 ms (FindLiveObjects: 0.136400 ms CreateObjectMapping: 0.035900 ms MarkObjects: 1.524900 ms  DeleteObjects: 0.013900 ms)

========================================================================
Received Import Request.
  Time since last request: 130.848642 seconds.
  path: Assets/Item/Log.asset
  artifactKey: Guid(8b9c2b14c9c9bba4fb6b1be33de54f26) Importer(815301076,1909f56bfc062723c751e8b465ee728b)
Start importing Assets/Item/Log.asset using Guid(8b9c2b14c9c9bba4fb6b1be33de54f26) Importer(815301076,1909f56bfc062723c751e8b465ee728b)  -> (artifact id: '6bd99818c377097479cb12def948773b') in 0.013395 seconds
  Import took 0.017025 seconds .

========================================================================
Received Import Request.
  Time since last request: 0.001880 seconds.
  path: Assets/Item/Twig.asset
  artifactKey: Guid(00adc510b92c6314ea16172e1bc65f0f) Importer(815301076,1909f56bfc062723c751e8b465ee728b)
Start importing Assets/Item/Twig.asset using Guid(00adc510b92c6314ea16172e1bc65f0f) Importer(815301076,1909f56bfc062723c751e8b465ee728b)  -> (artifact id: '4ecae49bc31ee39bb1805ab3a4c45b49') in 0.003567 seconds
  Import took 0.006103 seconds .

========================================================================
Received Import Request.
  Time since last request: 23.750750 seconds.
  path: Assets/Scripts/PickaxeController.cs
  artifactKey: Guid(fa463baf849b14b4bb0ed601850e84de) Importer(815301076,1909f56bfc062723c751e8b465ee728b)
Start importing Assets/Scripts/PickaxeController.cs using Guid(fa463baf849b14b4bb0ed601850e84de) Importer(815301076,1909f56bfc062723c751e8b465ee728b)  -> (artifact id: '37268b0c9bb2fae9b2affa62b317d960') in 0.013475 seconds
  Import took 0.015967 seconds .

========================================================================
Received Import Request.
  Time since last request: 14.479014 seconds.
  path: Assets/Item/Log.asset
  artifactKey: Guid(8b9c2b14c9c9bba4fb6b1be33de54f26) Importer(815301076,1909f56bfc062723c751e8b465ee728b)
Start importing Assets/Item/Log.asset using Guid(8b9c2b14c9c9bba4fb6b1be33de54f26) Importer(815301076,1909f56bfc062723c751e8b465ee728b)  -> (artifact id: '82ce356aaa975a827f1de3ab496a675c') in 0.007340 seconds
  Import took 0.009655 seconds .

========================================================================
Received Import Request.
  Time since last request: 0.000276 seconds.
  path: Assets/Item/Twig.asset
  artifactKey: Guid(00adc510b92c6314ea16172e1bc65f0f) Importer(815301076,1909f56bfc062723c751e8b465ee728b)
Start importing Assets/Item/Twig.asset using Guid(00adc510b92c6314ea16172e1bc65f0f) Importer(815301076,1909f56bfc062723c751e8b465ee728b)  -> (artifact id: 'fabfc5efba7971c99c795b70a88f746a') in 0.006562 seconds
  Import took 0.008887 seconds .

========================================================================
Received Prepare
Registering precompiled user dll's ...
Registered in 0.005318 seconds.
Begin MonoManager ReloadAssembly
Native extension for WindowsStandalone target not found
Native extension for WebGL target not found
Refreshing native plugins compatible for Editor in 0.27 ms, found 2 plugins.
Preloading 0 native plugins for Editor in 0.00 ms.
Mono: successfully reloaded assembly
- Completed reload, in  0.794 seconds
Platform modules already initialized, skipping
Refreshing native plugins compatible for Editor in 0.31 ms, found 2 plugins.
Preloading 0 native plugins for Editor in 0.00 ms.
Unloading 1405 Unused Serialized files (Serialized files now loaded: 0)
System memory in use before: 82.4 MB.
System memory in use after: 82.5 MB.

Unloading 13 unused Assets to reduce memory usage. Loaded Objects now: 1886.
Total: 1.765500 ms (FindLiveObjects: 0.134000 ms CreateObjectMapping: 0.034500 ms MarkObjects: 1.581400 ms  DeleteObjects: 0.014800 ms)

========================================================================
Received Prepare
Registering precompiled user dll's ...
Registered in 0.006120 seconds.
Begin MonoManager ReloadAssembly
Native extension for WindowsStandalone target not found
Native extension for WebGL target not found
Refreshing native plugins compatible for Editor in 0.39 ms, found 2 plugins.
Preloading 0 native plugins for Editor in 0.00 ms.
Mono: successfully reloaded assembly
- Completed reload, in  0.893 seconds
Platform modules already initialized, skipping
Refreshing native plugins compatible for Editor in 0.29 ms, found 2 plugins.
Preloading 0 native plugins for Editor in 0.00 ms.
Unloading 1405 Unused Serialized files (Serialized files now loaded: 0)
System memory in use before: 82.4 MB.
System memory in use after: 82.5 MB.

Unloading 13 unused Assets to reduce memory usage. Loaded Objects now: 1889.
Total: 1.929900 ms (FindLiveObjects: 0.216400 ms CreateObjectMapping: 0.072100 ms MarkObjects: 1.623300 ms  DeleteObjects: 0.017200 ms)

========================================================================
Received Import Request.
  Time since last request: 128.666762 seconds.
  path: Assets/Prefabs/Item/Log.prefab
  artifactKey: Guid(603b2eabaccd53646a07e57353266d36) Importer(815301076,1909f56bfc062723c751e8b465ee728b)
Start importing Assets/Prefabs/Item/Log.prefab using Guid(603b2eabaccd53646a07e57353266d36) Importer(815301076,1909f56bfc062723c751e8b465ee728b)  -> (artifact id: '684670e6428b60e7a32cb2fdde05af91') in 0.058278 seconds
  Import took 0.060978 seconds .

========================================================================
Received Import Request.
  Time since last request: 1.406385 seconds.
  path: Assets/Prefabs/Item/Log.prefab
  artifactKey: Guid(603b2eabaccd53646a07e57353266d36) Importer(815301076,1909f56bfc062723c751e8b465ee728b)
Start importing Assets/Prefabs/Item/Log.prefab using Guid(603b2eabaccd53646a07e57353266d36) Importer(815301076,1909f56bfc062723c751e8b465ee728b)  -> (artifact id: '1237582751f633c7a36e67416fc2ba0b') in 0.020158 seconds
  Import took 0.022690 seconds .

========================================================================
Received Import Request.
  Time since last request: 9.707128 seconds.
  path: Assets/Prefabs/Item/Log.prefab
  artifactKey: Guid(603b2eabaccd53646a07e57353266d36) Importer(815301076,1909f56bfc062723c751e8b465ee728b)
Start importing Assets/Prefabs/Item/Log.prefab using Guid(603b2eabaccd53646a07e57353266d36) Importer(815301076,1909f56bfc062723c751e8b465ee728b)  -> (artifact id: '880ff2ab55c878c0f46cb3581c06519d') in 0.027209 seconds
  Import took 0.029292 seconds .

========================================================================
Received Import Request.
  Time since last request: 20.224453 seconds.
  path: Assets/Prefabs/Item/Log.prefab
  artifactKey: Guid(603b2eabaccd53646a07e57353266d36) Importer(815301076,1909f56bfc062723c751e8b465ee728b)
Start importing Assets/Prefabs/Item/Log.prefab using Guid(603b2eabaccd53646a07e57353266d36) Importer(815301076,1909f56bfc062723c751e8b465ee728b)  -> (artifact id: '8df9d10de05508ba7c0cecc1c42a3333') in 0.016300 seconds
  Import took 0.018819 seconds .

========================================================================
Received Import Request.
  Time since last request: 22.713465 seconds.
  path: Assets/Prefabs/Item/little_twig.prefab
  artifactKey: Guid(41d6b8cb54a8c98408627b4922476bab) Importer(815301076,1909f56bfc062723c751e8b465ee728b)
Start importing Assets/Prefabs/Item/little_twig.prefab using Guid(41d6b8cb54a8c98408627b4922476bab) Importer(815301076,1909f56bfc062723c751e8b465ee728b)  -> (artifact id: '567bb97b483bce5e0af228dce41fe4e0') in 0.032345 seconds
  Import took 0.034535 seconds .

========================================================================
Received Import Request.
  Time since last request: 1.244439 seconds.
  path: Assets/Prefabs/Item/little_twig.prefab
  artifactKey: Guid(41d6b8cb54a8c98408627b4922476bab) Importer(815301076,1909f56bfc062723c751e8b465ee728b)
Start importing Assets/Prefabs/Item/little_twig.prefab using Guid(41d6b8cb54a8c98408627b4922476bab) Importer(815301076,1909f56bfc062723c751e8b465ee728b)  -> (artifact id: '9dccc31d01f4ab262ccfe3649aba1aaf') in 0.031305 seconds
  Import took 0.033515 seconds .

========================================================================
Received Import Request.
  Time since last request: 7.891410 seconds.
  path: Assets/Prefabs/Item/little_twig.prefab
  artifactKey: Guid(41d6b8cb54a8c98408627b4922476bab) Importer(815301076,1909f56bfc062723c751e8b465ee728b)
Start importing Assets/Prefabs/Item/little_twig.prefab using Guid(41d6b8cb54a8c98408627b4922476bab) Importer(815301076,1909f56bfc062723c751e8b465ee728b)  -> (artifact id: 'c129a5b8b7446d42289a3e0d9943d33b') in 0.021319 seconds
  Import took 0.023416 seconds .

========================================================================
Received Import Request.
  Time since last request: 5.311989 seconds.
  path: Assets/Prefabs/Item/little_twig.prefab
  artifactKey: Guid(41d6b8cb54a8c98408627b4922476bab) Importer(815301076,1909f56bfc062723c751e8b465ee728b)
Start importing Assets/Prefabs/Item/little_twig.prefab using Guid(41d6b8cb54a8c98408627b4922476bab) Importer(815301076,1909f56bfc062723c751e8b465ee728b)  -> (artifact id: 'db12cd8fa58bdac02a06fd88d8fb6fdd') in 0.018362 seconds
  Import took 0.020481 seconds .

========================================================================
Received Prepare
Registering precompiled user dll's ...
Registered in 0.005095 seconds.
Begin MonoManager ReloadAssembly
Native extension for WindowsStandalone target not found
Native extension for WebGL target not found
Refreshing native plugins compatible for Editor in 0.28 ms, found 2 plugins.
Preloading 0 native plugins for Editor in 0.00 ms.
Mono: successfully reloaded assembly
- Completed reload, in  0.789 seconds
Platform modules already initialized, skipping
Refreshing native plugins compatible for Editor in 0.28 ms, found 2 plugins.
Preloading 0 native plugins for Editor in 0.00 ms.
Unloading 1405 Unused Serialized files (Serialized files now loaded: 0)
System memory in use before: 82.4 MB.
System memory in use after: 82.5 MB.

Unloading 13 unused Assets to reduce memory usage. Loaded Objects now: 1893.
Total: 1.760700 ms (FindLiveObjects: 0.134600 ms CreateObjectMapping: 0.034400 ms MarkObjects: 1.576000 ms  DeleteObjects: 0.014800 ms)

========================================================================
Received Import Request.
  Time since last request: 148.441986 seconds.
  path: Assets/Item/Leaf.asset
  artifactKey: Guid(f2d0379bd81abe1409b7ec45a162e907) Importer(815301076,1909f56bfc062723c751e8b465ee728b)
Start importing Assets/Item/Leaf.asset using Guid(f2d0379bd81abe1409b7ec45a162e907) Importer(815301076,1909f56bfc062723c751e8b465ee728b)  -> (artifact id: '4cda8112df56a49b1c42350097e2e31d') in 0.014722 seconds
  Import took 0.016997 seconds .

========================================================================
Received Import Request.
  Time since last request: 0.008398 seconds.
  path: Assets/Item/Leaf.asset
  artifactKey: Guid(f2d0379bd81abe1409b7ec45a162e907) Importer(815301076,1909f56bfc062723c751e8b465ee728b)
Start importing Assets/Item/Leaf.asset using Guid(f2d0379bd81abe1409b7ec45a162e907) Importer(815301076,1909f56bfc062723c751e8b465ee728b)  -> (artifact id: '4cda8112df56a49b1c42350097e2e31d') in 0.003531 seconds
  Import took 0.005553 seconds .

========================================================================
Received Prepare
Registering precompiled user dll's ...
Registered in 0.005037 seconds.
Begin MonoManager ReloadAssembly
Native extension for WindowsStandalone target not found
Native extension for WebGL target not found
Refreshing native plugins compatible for Editor in 0.28 ms, found 2 plugins.
Preloading 0 native plugins for Editor in 0.00 ms.
Mono: successfully reloaded assembly
- Completed reload, in  0.809 seconds
Platform modules already initialized, skipping
Refreshing native plugins compatible for Editor in 0.27 ms, found 2 plugins.
Preloading 0 native plugins for Editor in 0.00 ms.
Unloading 1405 Unused Serialized files (Serialized files now loaded: 0)
System memory in use before: 82.4 MB.
System memory in use after: 82.5 MB.

Unloading 13 unused Assets to reduce memory usage. Loaded Objects now: 1896.
Total: 1.849900 ms (FindLiveObjects: 0.137400 ms CreateObjectMapping: 0.033200 ms MarkObjects: 1.662000 ms  DeleteObjects: 0.016500 ms)

========================================================================
Received Prepare
Registering precompiled user dll's ...
Registered in 0.004967 seconds.
Begin MonoManager ReloadAssembly
Native extension for WindowsStandalone target not found
Native extension for WebGL target not found
Refreshing native plugins compatible for Editor in 0.29 ms, found 2 plugins.
Preloading 0 native plugins for Editor in 0.00 ms.
Mono: successfully reloaded assembly
- Completed reload, in  0.764 seconds
Platform modules already initialized, skipping
Refreshing native plugins compatible for Editor in 0.28 ms, found 2 plugins.
Preloading 0 native plugins for Editor in 0.00 ms.
Unloading 1405 Unused Serialized files (Serialized files now loaded: 0)
System memory in use before: 82.4 MB.
System memory in use after: 82.5 MB.

Unloading 13 unused Assets to reduce memory usage. Loaded Objects now: 1899.
Total: 1.802500 ms (FindLiveObjects: 0.135100 ms CreateObjectMapping: 0.034200 ms MarkObjects: 1.617700 ms  DeleteObjects: 0.014600 ms)

========================================================================
Received Prepare
Registering precompiled user dll's ...
Registered in 0.005156 seconds.
Begin MonoManager ReloadAssembly
Native extension for WindowsStandalone target not found
Native extension for WebGL target not found
Refreshing native plugins compatible for Editor in 0.30 ms, found 2 plugins.
Preloading 0 native plugins for Editor in 0.00 ms.
Mono: successfully reloaded assembly
- Completed reload, in  0.768 seconds
Platform modules already initialized, skipping
Refreshing native plugins compatible for Editor in 0.27 ms, found 2 plugins.
Preloading 0 native plugins for Editor in 0.00 ms.
Unloading 1405 Unused Serialized files (Serialized files now loaded: 0)
System memory in use before: 82.4 MB.
System memory in use after: 82.5 MB.

Unloading 13 unused Assets to reduce memory usage. Loaded Objects now: 1902.
Total: 1.853900 ms (FindLiveObjects: 0.133800 ms CreateObjectMapping: 0.033300 ms MarkObjects: 1.672100 ms  DeleteObjects: 0.013900 ms)

========================================================================
Received Prepare
Registering precompiled user dll's ...
Registered in 0.004899 seconds.
Begin MonoManager ReloadAssembly
Native extension for WindowsStandalone target not found
Native extension for WebGL target not found
Refreshing native plugins compatible for Editor in 0.29 ms, found 2 plugins.
Preloading 0 native plugins for Editor in 0.00 ms.
Mono: successfully reloaded assembly
- Completed reload, in  0.895 seconds
Platform modules already initialized, skipping
Refreshing native plugins compatible for Editor in 0.32 ms, found 2 plugins.
Preloading 0 native plugins for Editor in 0.00 ms.
Unloading 1405 Unused Serialized files (Serialized files now loaded: 0)
System memory in use before: 82.4 MB.
System memory in use after: 82.5 MB.

Unloading 13 unused Assets to reduce memory usage. Loaded Objects now: 1905.
Total: 1.747500 ms (FindLiveObjects: 0.156900 ms CreateObjectMapping: 0.041800 ms MarkObjects: 1.531300 ms  DeleteObjects: 0.016100 ms)

========================================================================
Received Prepare
Registering precompiled user dll's ...
Registered in 0.004853 seconds.
Begin MonoManager ReloadAssembly
Native extension for WindowsStandalone target not found
Native extension for WebGL target not found
Refreshing native plugins compatible for Editor in 0.29 ms, found 2 plugins.
Preloading 0 native plugins for Editor in 0.00 ms.
Mono: successfully reloaded assembly
- Completed reload, in  0.790 seconds
Platform modules already initialized, skipping
Refreshing native plugins compatible for Editor in 0.28 ms, found 2 plugins.
Preloading 0 native plugins for Editor in 0.00 ms.
Unloading 1405 Unused Serialized files (Serialized files now loaded: 0)
System memory in use before: 82.4 MB.
System memory in use after: 82.5 MB.

Unloading 13 unused Assets to reduce memory usage. Loaded Objects now: 1908.
Total: 1.893300 ms (FindLiveObjects: 0.158500 ms CreateObjectMapping: 0.051100 ms MarkObjects: 1.664600 ms  DeleteObjects: 0.018300 ms)

========================================================================
Received Import Request.
  Time since last request: 275.571019 seconds.
  path: Assets/Scripts/UIScript/InputNumber.cs
  artifactKey: Guid(dad8cbb1eac44b64da286ae763ca6485) Importer(815301076,1909f56bfc062723c751e8b465ee728b)
Start importing Assets/Scripts/UIScript/InputNumber.cs using Guid(dad8cbb1eac44b64da286ae763ca6485) Importer(815301076,1909f56bfc062723c751e8b465ee728b)  -> (artifact id: '4791cec1bfd8a15ab9c55ff62707ae3a') in 0.007395 seconds
  Import took 0.010386 seconds .

========================================================================
Received Import Request.
  Time since last request: 0.022179 seconds.
  path: Assets/Scripts/UIScript/InputNumber.cs
  artifactKey: Guid(dad8cbb1eac44b64da286ae763ca6485) Importer(815301076,1909f56bfc062723c751e8b465ee728b)
Start importing Assets/Scripts/UIScript/InputNumber.cs using Guid(dad8cbb1eac44b64da286ae763ca6485) Importer(815301076,1909f56bfc062723c751e8b465ee728b)  -> (artifact id: '4791cec1bfd8a15ab9c55ff62707ae3a') in 0.002884 seconds
  Import took 0.004866 seconds .

